<?xml version="1.0" encoding="UTF-8"?>
<testsuite name="org.apache.openwhisk.common.ConfigMapValueTests" tests="2" skipped="0" failures="0" errors="0" timestamp="2022-12-06T13:12:53" hostname="MacBook-Pro.local" time="0.006">
  <properties/>
  <testcase name="ConfigMapValue should read from string" classname="org.apache.openwhisk.common.ConfigMapValueTests" time="0.002"/>
  <testcase name="ConfigMapValue should read from file reference" classname="org.apache.openwhisk.common.ConfigMapValueTests" time="0.004"/>
  <system-out><![CDATA[]]></system-out>
  <system-err><![CDATA[]]></system-err>
</testsuite>
