<?xml version="1.0" encoding="UTF-8"?>
<testsuite name="org.apache.openwhisk.core.loadBalancer.test.InvokerSupervisionTests" tests="1" skipped="0" failures="1" errors="0" timestamp="2022-12-06T13:11:49" hostname="MacBook-Pro.local" time="0.001">
  <properties/>
  <testcase name="initializationError" classname="org.apache.openwhisk.core.loadBalancer.test.InvokerSupervisionTests" time="0.001">
    <failure message="akka.remote.RemoteTransportException: Failed to bind TCP to [127.0.0.1:25520] due to: Bind failed because of java.net.BindException: [/127.0.0.1:25520] Address already in use" type="akka.remote.RemoteTransportException">akka.remote.RemoteTransportException: Failed to bind TCP to [127.0.0.1:25520] due to: Bind failed because of java.net.BindException: [/127.0.0.1:25520] Address already in use
	at akka.remote.artery.tcp.ArteryTcpTransport$$anonfun$4.applyOrElse(ArteryTcpTransport.scala:274)
	at akka.remote.artery.tcp.ArteryTcpTransport$$anonfun$4.applyOrElse(ArteryTcpTransport.scala:268)
	at scala.concurrent.Future.$anonfun$recoverWith$1(Future.scala:417)
	at scala.concurrent.impl.Promise.$anonfun$transformWith$1(Promise.scala:41)
	at scala.concurrent.impl.CallbackRunnable.run(Promise.scala:64)
	at akka.dispatch.BatchingExecutor$AbstractBatch.processBatch(BatchingExecutor.scala:56)
	at akka.dispatch.BatchingExecutor$Batch.run(BatchingExecutor.scala:74)
	at akka.dispatch.internal.SameThreadExecutionContext$$anon$1.unbatchedExecute(SameThreadExecutionContext.scala:21)
	at akka.dispatch.BatchingExecutor.execute(BatchingExecutor.scala:123)
	at akka.dispatch.BatchingExecutor.execute$(BatchingExecutor.scala:117)
	at akka.dispatch.internal.SameThreadExecutionContext$$anon$1.execute(SameThreadExecutionContext.scala:20)
	at scala.concurrent.impl.CallbackRunnable.executeWithValue(Promise.scala:72)
	at scala.concurrent.impl.Promise$DefaultPromise.$anonfun$tryComplete$1(Promise.scala:288)
	at scala.concurrent.impl.Promise$DefaultPromise.$anonfun$tryComplete$1$adapted(Promise.scala:288)
	at scala.concurrent.impl.Promise$DefaultPromise.tryComplete(Promise.scala:288)
	at scala.concurrent.Promise.complete(Promise.scala:53)
	at scala.concurrent.Promise.complete$(Promise.scala:52)
	at scala.concurrent.impl.Promise$DefaultPromise.complete(Promise.scala:187)
	at scala.concurrent.Promise.failure(Promise.scala:104)
	at scala.concurrent.Promise.failure$(Promise.scala:104)
	at scala.concurrent.impl.Promise$DefaultPromise.failure(Promise.scala:187)
	at akka.stream.impl.io.ConnectionSourceStage$$anon$1.receive(TcpStages.scala:97)
	at akka.stream.impl.io.ConnectionSourceStage$$anon$1.$anonfun$preStart$1(TcpStages.scala:68)
	at akka.stream.impl.io.ConnectionSourceStage$$anon$1.$anonfun$preStart$1$adapted(TcpStages.scala:68)
	at akka.stream.stage.GraphStageLogic$StageActor.internalReceive(GraphStage.scala:242)
	at akka.stream.stage.GraphStageLogic$StageActor.$anonfun$callback$1(GraphStage.scala:201)
	at akka.stream.stage.GraphStageLogic$StageActor.$anonfun$callback$1$adapted(GraphStage.scala:201)
	at akka.stream.impl.fusing.GraphInterpreter.runAsyncInput(GraphInterpreter.scala:466)
	at akka.stream.impl.fusing.GraphInterpreterShell$AsyncInput.execute(ActorGraphInterpreter.scala:498)
	at akka.stream.impl.fusing.GraphInterpreterShell.processEvent(ActorGraphInterpreter.scala:600)
	at akka.stream.impl.fusing.ActorGraphInterpreter.akka$stream$impl$fusing$ActorGraphInterpreter$$processEvent(ActorGraphInterpreter.scala:773)
	at akka.stream.impl.fusing.ActorGraphInterpreter$$anonfun$receive$1.applyOrElse(ActorGraphInterpreter.scala:788)
	at akka.actor.Actor.aroundReceive(Actor.scala:537)
	at akka.actor.Actor.aroundReceive$(Actor.scala:535)
	at akka.stream.impl.fusing.ActorGraphInterpreter.aroundReceive(ActorGraphInterpreter.scala:691)
	at akka.actor.ActorCell.receiveMessage(ActorCell.scala:577)
	at akka.actor.ActorCell.invoke(ActorCell.scala:547)
	at akka.dispatch.Mailbox.processMailbox(Mailbox.scala:270)
	at akka.dispatch.Mailbox.run(Mailbox.scala:231)
	at akka.dispatch.Mailbox.exec(Mailbox.scala:243)
	at java.base/java.util.concurrent.ForkJoinTask.doExec(ForkJoinTask.java:387)
	at java.base/java.util.concurrent.ForkJoinPool$WorkQueue.topLevelExec(ForkJoinPool.java:1311)
	at java.base/java.util.concurrent.ForkJoinPool.scan(ForkJoinPool.java:1840)
	at java.base/java.util.concurrent.ForkJoinPool.runWorker(ForkJoinPool.java:1806)
	at java.base/java.util.concurrent.ForkJoinWorkerThread.run(ForkJoinWorkerThread.java:177)
Caused by: akka.stream.impl.io.ConnectionSourceStage$$anon$1$$anon$2: Bind failed because of java.net.BindException: [/127.0.0.1:25520] Address already in use
Caused by: java.net.BindException: [/127.0.0.1:25520] Address already in use
	at java.base/sun.nio.ch.Net.bind0(Native Method)
	at java.base/sun.nio.ch.Net.bind(Net.java:555)
	at java.base/sun.nio.ch.ServerSocketChannelImpl.netBind(ServerSocketChannelImpl.java:344)
	at java.base/sun.nio.ch.ServerSocketChannelImpl.bind(ServerSocketChannelImpl.java:301)
	at java.base/sun.nio.ch.ServerSocketAdaptor.bind(ServerSocketAdaptor.java:89)
	at akka.io.TcpListener.liftedTree1$1(TcpListener.scala:60)
	at akka.io.TcpListener.&lt;init&gt;(TcpListener.scala:57)
	at java.base/jdk.internal.reflect.DirectConstructorHandleAccessor.newInstance(DirectConstructorHandleAccessor.java:67)
	at java.base/java.lang.reflect.Constructor.newInstanceWithCaller(Constructor.java:500)
	at java.base/java.lang.reflect.Constructor.newInstance(Constructor.java:484)
	at akka.util.Reflect$.instantiate(Reflect.scala:73)
	at akka.actor.ArgsReflectConstructor.produce(IndirectActorProducer.scala:101)
	at akka.actor.Props.newActor(Props.scala:226)
	at akka.actor.ActorCell.newActor(ActorCell.scala:613)
	at akka.actor.ActorCell.create(ActorCell.scala:640)
	at akka.actor.ActorCell.invokeAll$1(ActorCell.scala:513)
	at akka.actor.ActorCell.systemInvoke(ActorCell.scala:535)
	at akka.dispatch.Mailbox.processAllSystemMessages(Mailbox.scala:295)
	at akka.dispatch.Mailbox.run(Mailbox.scala:230)
	at akka.dispatch.Mailbox.exec(Mailbox.scala:243)
	at java.base/java.util.concurrent.ForkJoinTask.doExec(ForkJoinTask.java:387)
	at java.base/java.util.concurrent.ForkJoinPool$WorkQueue.topLevelExec(ForkJoinPool.java:1311)
	at java.base/java.util.concurrent.ForkJoinPool.scan(ForkJoinPool.java:1840)
	at java.base/java.util.concurrent.ForkJoinPool.runWorker(ForkJoinPool.java:1806)
	at java.base/java.util.concurrent.ForkJoinWorkerThread.run(ForkJoinWorkerThread.java:177)
</failure>
  </testcase>
  <system-out><![CDATA[[2022-12-06T21:11:49.163Z] [ERROR] Bind failed for TCP channel on endpoint [/127.0.0.1:25520]
java.net.BindException: [/127.0.0.1:25520] Address already in use
	at java.base/sun.nio.ch.Net.bind0(Native Method)
	at java.base/sun.nio.ch.Net.bind(Net.java:555)
	at java.base/sun.nio.ch.ServerSocketChannelImpl.netBind(ServerSocketChannelImpl.java:344)
	at java.base/sun.nio.ch.ServerSocketChannelImpl.bind(ServerSocketChannelImpl.java:301)
	at java.base/sun.nio.ch.ServerSocketAdaptor.bind(ServerSocketAdaptor.java:89)
	at akka.io.TcpListener.liftedTree1$1(TcpListener.scala:60)
	at akka.io.TcpListener.<init>(TcpListener.scala:57)
	at java.base/jdk.internal.reflect.DirectConstructorHandleAccessor.newInstance(DirectConstructorHandleAccessor.java:67)
	at java.base/java.lang.reflect.Constructor.newInstanceWithCaller(Constructor.java:500)
	at java.base/java.lang.reflect.Constructor.newInstance(Constructor.java:484)
	at akka.util.Reflect$.instantiate(Reflect.scala:73)
	at akka.actor.ArgsReflectConstructor.produce(IndirectActorProducer.scala:101)
	at akka.actor.Props.newActor(Props.scala:226)
	at akka.actor.ActorCell.newActor(ActorCell.scala:613)
	at akka.actor.ActorCell.create(ActorCell.scala:640)
	at akka.actor.ActorCell.invokeAll$1(ActorCell.scala:513)
	at akka.actor.ActorCell.systemInvoke(ActorCell.scala:535)
	at akka.dispatch.Mailbox.processAllSystemMessages(Mailbox.scala:295)
	at akka.dispatch.Mailbox.run(Mailbox.scala:230)
	at akka.dispatch.Mailbox.exec(Mailbox.scala:243)
	at java.base/java.util.concurrent.ForkJoinTask.doExec(ForkJoinTask.java:387)
	at java.base/java.util.concurrent.ForkJoinPool$WorkQueue.topLevelExec(ForkJoinPool.java:1311)
	at java.base/java.util.concurrent.ForkJoinPool.scan(ForkJoinPool.java:1840)
	at java.base/java.util.concurrent.ForkJoinPool.runWorker(ForkJoinPool.java:1806)
	at java.base/java.util.concurrent.ForkJoinWorkerThread.run(ForkJoinWorkerThread.java:177)
]]></system-out>
  <system-err><![CDATA[]]></system-err>
</testsuite>
