<?xml version="1.0" encoding="UTF-8"?>
<testsuite name="org.apache.openwhisk.core.entity.test.ActivationCompatTests" tests="1" skipped="0" failures="0" errors="0" timestamp="2022-12-06T13:11:48" hostname="MacBook-Pro.local" time="0.024">
  <properties/>
  <testcase name="ActivationResponse should deserialize without error" classname="org.apache.openwhisk.core.entity.test.ActivationCompatTests" time="0.024"/>
  <system-out><![CDATA[[2022-12-06T21:11:48.703Z] [INFO] Shutting down remote daemon.
[2022-12-06T21:11:48.703Z] [INFO] Remote daemon shut down; proceeding with flushing remote transports.
[2022-12-06T21:11:48.704Z] [INFO] Remoting shut down.
]]></system-out>
  <system-err><![CDATA[]]></system-err>
</testsuite>
