<?xml version="1.0" encoding="UTF-8"?>
<testsuite name="org.apache.openwhisk.core.controller.test.KindRestrictorTests" tests="6" skipped="0" failures="0" errors="0" timestamp="2022-12-06T13:11:52" hostname="MacBook-Pro.local" time="0.023">
  <properties/>
  <testcase name="Kind Restrictor should grant subject access to all kinds when no limits exist and no white list is defined" classname="org.apache.openwhisk.core.controller.test.KindRestrictorTests" time="0.02"/>
  <testcase name="Kind Restrictor should grant subject access to any kinds if limit is the empty set" classname="org.apache.openwhisk.core.controller.test.KindRestrictorTests" time="0.0"/>
  <testcase name="Kind Restrictor should grant subject access to any kinds if white list is the empty set" classname="org.apache.openwhisk.core.controller.test.KindRestrictorTests" time="0.001"/>
  <testcase name="Kind Restrictor should grant subject access only to subject-limited kinds" classname="org.apache.openwhisk.core.controller.test.KindRestrictorTests" time="0.0"/>
  <testcase name="Kind Restrictor should grant subject access to white listed kinds when no limits exist" classname="org.apache.openwhisk.core.controller.test.KindRestrictorTests" time="0.001"/>
  <testcase name="Kind Restrictor should grant subject access both explicitly limited kinds and default whitelisted kinds" classname="org.apache.openwhisk.core.controller.test.KindRestrictorTests" time="0.0"/>
  <system-out><![CDATA[	at akka.actor.Props.newActor(Props.scala:226)
	at akka.actor.ActorCell.newActor(ActorCell.scala:613)
	at akka.actor.ActorCell.create(ActorCell.scala:640)
	at akka.actor.ActorCell.invokeAll$1(ActorCell.scala:513)
	at akka.actor.ActorCell.systemInvoke(ActorCell.scala:535)
	at akka.dispatch.Mailbox.processAllSystemMessages(Mailbox.scala:295)
	at akka.dispatch.Mailbox.run(Mailbox.scala:230)
	at akka.dispatch.Mailbox.exec(Mailbox.scala:243)
	at java.base/java.util.concurrent.ForkJoinTask.doExec(ForkJoinTask.java:387)
	at java.base/java.util.concurrent.ForkJoinPool$WorkQueue.topLevelExec(ForkJoinPool.java:1311)
	at java.base/java.util.concurrent.ForkJoinPool.scan(ForkJoinPool.java:1840)
	at java.base/java.util.concurrent.ForkJoinPool.runWorker(ForkJoinPool.java:1806)
	at java.base/java.util.concurrent.ForkJoinWorkerThread.run(ForkJoinWorkerThread.java:177)
[2022-12-06T21:11:52.269Z] [INFO] Shutting down remote daemon.
[2022-12-06T21:11:52.269Z] [INFO] Remote daemon shut down; proceeding with flushing remote transports.
[2022-12-06T21:11:52.269Z] [INFO] Remoting shut down.
]]></system-out>
  <system-err><![CDATA[]]></system-err>
</testsuite>
