<?xml version="1.0" encoding="UTF-8"?>
<testsuite name="org.apache.openwhisk.core.controller.test.WebActionsApiCommonTests" tests="1" skipped="0" failures="0" errors="0" timestamp="2022-12-06T13:11:52" hostname="MacBook-Pro.local" time="0.009">
  <properties/>
  <testcase name="extension splitter should split action name and extension" classname="org.apache.openwhisk.core.controller.test.WebActionsApiCommonTests" time="0.009"/>
  <system-out><![CDATA[[2022-12-06T21:11:52.169Z] [INFO] Shutting down remote daemon.
[2022-12-06T21:11:52.170Z] [INFO] Remote daemon shut down; proceeding with flushing remote transports.
[2022-12-06T21:11:52.170Z] [INFO] Remoting shut down.
]]></system-out>
  <system-err><![CDATA[]]></system-err>
</testsuite>
